\BOOKMARK [0][-]{chapter.1}{\376\377\0001\000\040\000T\000D\000F\000\137\0000\0002\000-\0001\0004\0005\000\040\000A\000r\000d\000u\000i\000n\000o}{}% 1
\BOOKMARK [1][-]{section.1.1}{\376\377\0001\000.\0001\000\040\000I\000n\000t\000r\000o\000d\000u\000c\000t\000i\000o\000n}{chapter.1}% 2
\BOOKMARK [1][-]{section.1.2}{\376\377\0001\000.\0002\000\040\000W\000i\000r\000i\000n\000g}{chapter.1}% 3
\BOOKMARK [2][-]{subsection.1.2.1}{\376\377\0001\000.\0002\000.\0001\000\040\000M\000o\000t\000o\000r\000\040\000W\000i\000r\000i\000n\000g}{section.1.2}% 4
\BOOKMARK [2][-]{subsection.1.2.2}{\376\377\0001\000.\0002\000.\0002\000\040\000E\000n\000c\000o\000d\000e\000r\000\040\000W\000i\000r\000i\000n\000g}{section.1.2}% 5
\BOOKMARK [2][-]{subsection.1.2.3}{\376\377\0001\000.\0002\000.\0003\000\040\000S\000e\000r\000v\000o\000\040\000W\000i\000r\000i\000n\000g}{section.1.2}% 6
\BOOKMARK [3][-]{subsubsection.1.2.3.1}{\376\377\0001\000.\0002\000.\0003\000.\0001\000\040\000A\000u\000t\000h\000o\000r\000s}{subsection.1.2.3}% 7
\BOOKMARK [3][-]{subsubsection.1.2.3.2}{\376\377\0001\000.\0002\000.\0003\000.\0002\000\040\000V\000e\000r\000s\000i\000o\000n}{subsection.1.2.3}% 8
\BOOKMARK [0][-]{chapter.2}{\376\377\0002\000\040\000F\000i\000l\000e\000\040\000I\000n\000d\000e\000x}{}% 9
\BOOKMARK [1][-]{section.2.1}{\376\377\0002\000.\0001\000\040\000F\000i\000l\000e\000\040\000L\000i\000s\000t}{chapter.2}% 10
\BOOKMARK [0][-]{chapter.3}{\376\377\0003\000\040\000F\000i\000l\000e\000\040\000D\000o\000c\000u\000m\000e\000n\000t\000a\000t\000i\000o\000n}{}% 11
\BOOKMARK [1][-]{section.3.1}{\376\377\0003\000.\0001\000\040\000d\000e\000c\000i\000d\000e\000r\000.\000i\000n\000o\000\040\000F\000i\000l\000e\000\040\000R\000e\000f\000e\000r\000e\000n\000c\000e}{chapter.3}% 12
\BOOKMARK [2][-]{subsection.3.1.1}{\376\377\0003\000.\0001\000.\0001\000\040\000D\000e\000t\000a\000i\000l\000e\000d\000\040\000D\000e\000s\000c\000r\000i\000p\000t\000i\000o\000n}{section.3.1}% 13
\BOOKMARK [2][-]{subsection.3.1.2}{\376\377\0003\000.\0001\000.\0002\000\040\000F\000u\000n\000c\000t\000i\000o\000n\000\040\000D\000o\000c\000u\000m\000e\000n\000t\000a\000t\000i\000o\000n}{section.3.1}% 14
\BOOKMARK [3][-]{subsubsection.3.1.2.1}{\376\377\0003\000.\0001\000.\0002\000.\0001\000\040\000d\000e\000c\000i\000d\000e\000r\000\050\000\051}{subsection.3.1.2}% 15
\BOOKMARK [3][-]{subsubsection.3.1.2.2}{\376\377\0003\000.\0001\000.\0002\000.\0002\000\040\000m\000o\000v\000e\000B\000a\000c\000k\000w\000a\000r\000d\000\050\000\051}{subsection.3.1.2}% 16
\BOOKMARK [3][-]{subsubsection.3.1.2.3}{\376\377\0003\000.\0001\000.\0002\000.\0003\000\040\000m\000o\000v\000e\000F\000o\000r\000w\000a\000r\000d\000\050\000\051}{subsection.3.1.2}% 17
\BOOKMARK [3][-]{subsubsection.3.1.2.4}{\376\377\0003\000.\0001\000.\0002\000.\0004\000\040\000t\000u\000r\000n\000L\000e\000f\000t\000\050\000\051}{subsection.3.1.2}% 18
\BOOKMARK [3][-]{subsubsection.3.1.2.5}{\376\377\0003\000.\0001\000.\0002\000.\0005\000\040\000t\000u\000r\000n\000R\000i\000g\000h\000t\000\050\000\051}{subsection.3.1.2}% 19
\BOOKMARK [1][-]{section.3.2}{\376\377\0003\000.\0002\000\040\000e\000n\000c\000o\000d\000e\000r\000F\000u\000n\000c\000t\000i\000o\000n\000s\000.\000i\000n\000o\000\040\000F\000i\000l\000e\000\040\000R\000e\000f\000e\000r\000e\000n\000c\000e}{chapter.3}% 20
\BOOKMARK [2][-]{subsection.3.2.1}{\376\377\0003\000.\0002\000.\0001\000\040\000D\000e\000t\000a\000i\000l\000e\000d\000\040\000D\000e\000s\000c\000r\000i\000p\000t\000i\000o\000n}{section.3.2}% 21
\BOOKMARK [2][-]{subsection.3.2.2}{\376\377\0003\000.\0002\000.\0002\000\040\000F\000u\000n\000c\000t\000i\000o\000n\000\040\000D\000o\000c\000u\000m\000e\000n\000t\000a\000t\000i\000o\000n}{section.3.2}% 22
\BOOKMARK [3][-]{subsubsection.3.2.2.1}{\376\377\0003\000.\0002\000.\0002\000.\0001\000\040\000e\000n\000c\000o\000d\000e\000r\000L\000e\000f\000t\000\050\000\051}{subsection.3.2.2}% 23
\BOOKMARK [3][-]{subsubsection.3.2.2.2}{\376\377\0003\000.\0002\000.\0002\000.\0002\000\040\000e\000n\000c\000o\000d\000e\000r\000R\000i\000g\000h\000t\000\050\000\051}{subsection.3.2.2}% 24
\BOOKMARK [1][-]{section.3.3}{\376\377\0003\000.\0003\000\040\000h\000e\000a\000d\000M\000o\000v\000e\000m\000e\000n\000t\000.\000i\000n\000o\000\040\000F\000i\000l\000e\000\040\000R\000e\000f\000e\000r\000e\000n\000c\000e}{chapter.3}% 25
\BOOKMARK [2][-]{subsection.3.3.1}{\376\377\0003\000.\0003\000.\0001\000\040\000D\000e\000t\000a\000i\000l\000e\000d\000\040\000D\000e\000s\000c\000r\000i\000p\000t\000i\000o\000n}{section.3.3}% 26
\BOOKMARK [2][-]{subsection.3.3.2}{\376\377\0003\000.\0003\000.\0002\000\040\000F\000u\000n\000c\000t\000i\000o\000n\000\040\000D\000o\000c\000u\000m\000e\000n\000t\000a\000t\000i\000o\000n}{section.3.3}% 27
\BOOKMARK [3][-]{subsubsection.3.3.2.1}{\376\377\0003\000.\0003\000.\0002\000.\0001\000\040\000h\000e\000a\000d\000M\000o\000t\000i\000o\000n\000\137\000p\000r\000e\000d\000e\000f\000i\000n\000e\000d\000\050\000\051}{subsection.3.3.2}% 28
\BOOKMARK [3][-]{subsubsection.3.3.2.2}{\376\377\0003\000.\0003\000.\0002\000.\0002\000\040\000m\000o\000v\000e\000h\000e\000a\000d\000\050\000\051}{subsection.3.3.2}% 29
\BOOKMARK [1][-]{section.3.4}{\376\377\0003\000.\0004\000\040\000m\000o\000v\000e\000\137\000D\000i\000r\000e\000c\000t\000i\000o\000n\000.\000i\000n\000o\000\040\000F\000i\000l\000e\000\040\000R\000e\000f\000e\000r\000e\000n\000c\000e}{chapter.3}% 30
\BOOKMARK [2][-]{subsection.3.4.1}{\376\377\0003\000.\0004\000.\0001\000\040\000D\000e\000t\000a\000i\000l\000e\000d\000\040\000D\000e\000s\000c\000r\000i\000p\000t\000i\000o\000n}{section.3.4}% 31
\BOOKMARK [2][-]{subsection.3.4.2}{\376\377\0003\000.\0004\000.\0002\000\040\000F\000u\000n\000c\000t\000i\000o\000n\000\040\000D\000o\000c\000u\000m\000e\000n\000t\000a\000t\000i\000o\000n}{section.3.4}% 32
\BOOKMARK [3][-]{subsubsection.3.4.2.1}{\376\377\0003\000.\0004\000.\0002\000.\0001\000\040\000m\000o\000t\000o\000r\000\050\000\051}{subsection.3.4.2}% 33
\BOOKMARK [3][-]{subsubsection.3.4.2.2}{\376\377\0003\000.\0004\000.\0002\000.\0002\000\040\000m\000o\000v\000e\000D\000i\000r\000e\000c\000t\000i\000o\000n\000\050\000\051}{subsection.3.4.2}% 34
\BOOKMARK [1][-]{section.3.5}{\376\377\0003\000.\0005\000\040\000P\000I\000D\000\137\000I\000n\000i\000t\000i\000a\000l\000.\000i\000n\000o\000\040\000F\000i\000l\000e\000\040\000R\000e\000f\000e\000r\000e\000n\000c\000e}{chapter.3}% 35
\BOOKMARK [2][-]{subsection.3.5.1}{\376\377\0003\000.\0005\000.\0001\000\040\000D\000e\000t\000a\000i\000l\000e\000d\000\040\000D\000e\000s\000c\000r\000i\000p\000t\000i\000o\000n}{section.3.5}% 36
\BOOKMARK [2][-]{subsection.3.5.2}{\376\377\0003\000.\0005\000.\0002\000\040\000F\000u\000n\000c\000t\000i\000o\000n\000\040\000D\000o\000c\000u\000m\000e\000n\000t\000a\000t\000i\000o\000n}{section.3.5}% 37
\BOOKMARK [3][-]{subsubsection.3.5.2.1}{\376\377\0003\000.\0005\000.\0002\000.\0001\000\040\000P\000I\000D\000\137\000i\000n\000i\000t\000i\000a\000l\000\050\000\051}{subsection.3.5.2}% 38
\BOOKMARK [1][-]{section.3.6}{\376\377\0003\000.\0006\000\040\000p\000r\000i\000n\000t\000S\000t\000a\000t\000u\000s\000.\000i\000n\000o\000\040\000F\000i\000l\000e\000\040\000R\000e\000f\000e\000r\000e\000n\000c\000e}{chapter.3}% 39
\BOOKMARK [2][-]{subsection.3.6.1}{\376\377\0003\000.\0006\000.\0001\000\040\000D\000e\000t\000a\000i\000l\000e\000d\000\040\000D\000e\000s\000c\000r\000i\000p\000t\000i\000o\000n}{section.3.6}% 40
\BOOKMARK [2][-]{subsection.3.6.2}{\376\377\0003\000.\0006\000.\0002\000\040\000F\000u\000n\000c\000t\000i\000o\000n\000\040\000D\000o\000c\000u\000m\000e\000n\000t\000a\000t\000i\000o\000n}{section.3.6}% 41
\BOOKMARK [3][-]{subsubsection.3.6.2.1}{\376\377\0003\000.\0006\000.\0002\000.\0001\000\040\000m\000o\000t\000i\000o\000n\000T\000e\000x\000t\000\050\000\051}{subsection.3.6.2}% 42
\BOOKMARK [3][-]{subsubsection.3.6.2.2}{\376\377\0003\000.\0006\000.\0002\000.\0002\000\040\000p\000r\000i\000n\000t\000S\000t\000a\000t\000u\000s\000\050\000\051}{subsection.3.6.2}% 43
\BOOKMARK [1][-]{section.3.7}{\376\377\0003\000.\0007\000\040\000R\000E\000A\000D\000M\000E\000.\000m\000d\000\040\000F\000i\000l\000e\000\040\000R\000e\000f\000e\000r\000e\000n\000c\000e}{chapter.3}% 44
\BOOKMARK [1][-]{section.3.8}{\376\377\0003\000.\0008\000\040\000s\000e\000r\000i\000a\000l\000E\000v\000e\000n\000t\000.\000i\000n\000o\000\040\000F\000i\000l\000e\000\040\000R\000e\000f\000e\000r\000e\000n\000c\000e}{chapter.3}% 45
\BOOKMARK [2][-]{subsection.3.8.1}{\376\377\0003\000.\0008\000.\0001\000\040\000D\000e\000t\000a\000i\000l\000e\000d\000\040\000D\000e\000s\000c\000r\000i\000p\000t\000i\000o\000n}{section.3.8}% 46
\BOOKMARK [2][-]{subsection.3.8.2}{\376\377\0003\000.\0008\000.\0002\000\040\000F\000u\000n\000c\000t\000i\000o\000n\000\040\000D\000o\000c\000u\000m\000e\000n\000t\000a\000t\000i\000o\000n}{section.3.8}% 47
\BOOKMARK [3][-]{subsubsection.3.8.2.1}{\376\377\0003\000.\0008\000.\0002\000.\0001\000\040\000s\000e\000r\000i\000a\000l\000E\000v\000e\000n\000t\000\050\000\051}{subsection.3.8.2}% 48
\BOOKMARK [3][-]{subsubsection.3.8.2.2}{\376\377\0003\000.\0008\000.\0002\000.\0002\000\040\000s\000e\000r\000i\000a\000l\000E\000v\000e\000n\000t\0002\000\050\000\051}{subsection.3.8.2}% 49
\BOOKMARK [1][-]{section.3.9}{\376\377\0003\000.\0009\000\040\000s\000t\000o\000p\000M\000o\000t\000i\000o\000n\000.\000i\000n\000o\000\040\000F\000i\000l\000e\000\040\000R\000e\000f\000e\000r\000e\000n\000c\000e}{chapter.3}% 50
\BOOKMARK [2][-]{subsection.3.9.1}{\376\377\0003\000.\0009\000.\0001\000\040\000D\000e\000t\000a\000i\000l\000e\000d\000\040\000D\000e\000s\000c\000r\000i\000p\000t\000i\000o\000n}{section.3.9}% 51
\BOOKMARK [2][-]{subsection.3.9.2}{\376\377\0003\000.\0009\000.\0002\000\040\000F\000u\000n\000c\000t\000i\000o\000n\000\040\000D\000o\000c\000u\000m\000e\000n\000t\000a\000t\000i\000o\000n}{section.3.9}% 52
\BOOKMARK [3][-]{subsubsection.3.9.2.1}{\376\377\0003\000.\0009\000.\0002\000.\0001\000\040\000s\000t\000o\000p\000M\000o\000t\000i\000o\000n\000\050\000\051}{subsection.3.9.2}% 53
\BOOKMARK [1][-]{section.3.10}{\376\377\0003\000.\0001\0000\000\040\000T\000D\000F\0000\0002\000-\0001\0004\0005\000\137\000A\000r\000d\000u\000i\000n\000o\000.\000i\000n\000o\000\040\000F\000i\000l\000e\000\040\000R\000e\000f\000e\000r\000e\000n\000c\000e}{chapter.3}% 54
\BOOKMARK [2][-]{subsection.3.10.1}{\376\377\0003\000.\0001\0000\000.\0001\000\040\000D\000e\000t\000a\000i\000l\000e\000d\000\040\000D\000e\000s\000c\000r\000i\000p\000t\000i\000o\000n}{section.3.10}% 55
\BOOKMARK [2][-]{subsection.3.10.2}{\376\377\0003\000.\0001\0000\000.\0002\000\040\000M\000a\000c\000r\000o\000\040\000D\000e\000f\000i\000n\000i\000t\000i\000o\000n\000\040\000D\000o\000c\000u\000m\000e\000n\000t\000a\000t\000i\000o\000n}{section.3.10}% 56
\BOOKMARK [3][-]{subsubsection.3.10.2.1}{\376\377\0003\000.\0001\0000\000.\0002\000.\0001\000\040\000C\000C\000W}{subsection.3.10.2}% 57
\BOOKMARK [3][-]{subsubsection.3.10.2.2}{\376\377\0003\000.\0001\0000\000.\0002\000.\0002\000\040\000C\000W}{subsection.3.10.2}% 58
\BOOKMARK [3][-]{subsubsection.3.10.2.3}{\376\377\0003\000.\0001\0000\000.\0002\000.\0003\000\040\000e\000n\000c\000o\000d\000e\000r\000\137\000L\000\137\000C\0001}{subsection.3.10.2}% 59
\BOOKMARK [3][-]{subsubsection.3.10.2.4}{\376\377\0003\000.\0001\0000\000.\0002\000.\0004\000\040\000e\000n\000c\000o\000d\000e\000r\000\137\000R\000\137\000C\0001}{subsection.3.10.2}% 60
\BOOKMARK [3][-]{subsubsection.3.10.2.5}{\376\377\0003\000.\0001\0000\000.\0002\000.\0005\000\040\000F\000r\000o\000n\000t}{subsection.3.10.2}% 61
\BOOKMARK [3][-]{subsubsection.3.10.2.6}{\376\377\0003\000.\0001\0000\000.\0002\000.\0006\000\040\000K\000D}{subsection.3.10.2}% 62
\BOOKMARK [3][-]{subsubsection.3.10.2.7}{\376\377\0003\000.\0001\0000\000.\0002\000.\0007\000\040\000K\000I}{subsection.3.10.2}% 63
\BOOKMARK [3][-]{subsubsection.3.10.2.8}{\376\377\0003\000.\0001\0000\000.\0002\000.\0008\000\040\000K\000P}{subsection.3.10.2}% 64
\BOOKMARK [3][-]{subsubsection.3.10.2.9}{\376\377\0003\000.\0001\0000\000.\0002\000.\0009\000\040\000L\000e\000f\000t}{subsection.3.10.2}% 65
\BOOKMARK [3][-]{subsubsection.3.10.2.10}{\376\377\0003\000.\0001\0000\000.\0002\000.\0001\0000\000\040\000m\000a\000x\000p\000i\000t\000c\000h\000l\000i\000m\000i\000t}{subsection.3.10.2}% 66
\BOOKMARK [3][-]{subsubsection.3.10.2.11}{\376\377\0003\000.\0001\0000\000.\0002\000.\0001\0001\000\040\000m\000a\000x\000y\000a\000w\000l\000i\000m\000i\000t}{subsection.3.10.2}% 67
\BOOKMARK [3][-]{subsubsection.3.10.2.12}{\376\377\0003\000.\0001\0000\000.\0002\000.\0001\0002\000\040\000m\000i\000n\000p\000i\000t\000c\000h\000l\000i\000m\000i\000t}{subsection.3.10.2}% 68
\BOOKMARK [3][-]{subsubsection.3.10.2.13}{\376\377\0003\000.\0001\0000\000.\0002\000.\0001\0003\000\040\000m\000i\000n\000y\000a\000w\000l\000i\000m\000i\000t}{subsection.3.10.2}% 69
\BOOKMARK [3][-]{subsubsection.3.10.2.14}{\376\377\0003\000.\0001\0000\000.\0002\000.\0001\0004\000\040\000m\000o\000t\000o\000r\000\137\000E\000N\000A}{subsection.3.10.2}% 70
\BOOKMARK [3][-]{subsubsection.3.10.2.15}{\376\377\0003\000.\0001\0000\000.\0002\000.\0001\0005\000\040\000m\000o\000t\000o\000r\000\137\000E\000N\000B}{subsection.3.10.2}% 71
\BOOKMARK [3][-]{subsubsection.3.10.2.16}{\376\377\0003\000.\0001\0000\000.\0002\000.\0001\0006\000\040\000m\000o\000t\000o\000r\000\137\000I\000N\0001}{subsection.3.10.2}% 72
\BOOKMARK [3][-]{subsubsection.3.10.2.17}{\376\377\0003\000.\0001\0000\000.\0002\000.\0001\0007\000\040\000m\000o\000t\000o\000r\000\137\000I\000N\0002}{subsection.3.10.2}% 73
\BOOKMARK [3][-]{subsubsection.3.10.2.18}{\376\377\0003\000.\0001\0000\000.\0002\000.\0001\0008\000\040\000m\000o\000t\000o\000r\000\137\000I\000N\0003}{subsection.3.10.2}% 74
\BOOKMARK [3][-]{subsubsection.3.10.2.19}{\376\377\0003\000.\0001\0000\000.\0002\000.\0001\0009\000\040\000m\000o\000t\000o\000r\000\137\000I\000N\0004}{subsection.3.10.2}% 75
\BOOKMARK [3][-]{subsubsection.3.10.2.20}{\376\377\0003\000.\0001\0000\000.\0002\000.\0002\0000\000\040\000R\000e\000a\000r}{subsection.3.10.2}% 76
\BOOKMARK [3][-]{subsubsection.3.10.2.21}{\376\377\0003\000.\0001\0000\000.\0002\000.\0002\0001\000\040\000R\000i\000g\000h\000t}{subsection.3.10.2}% 77
\BOOKMARK [3][-]{subsubsection.3.10.2.22}{\376\377\0003\000.\0001\0000\000.\0002\000.\0002\0002\000\040\000r\000o\000b\000o\000t\000\137\000s\000p\000e\000e\000d\000\137\000m\000a\000x}{subsection.3.10.2}% 78
\BOOKMARK [3][-]{subsubsection.3.10.2.23}{\376\377\0003\000.\0001\0000\000.\0002\000.\0002\0003\000\040\000r\000o\000b\000o\000t\000\137\000s\000p\000e\000e\000d\000\137\000m\000i\000n}{subsection.3.10.2}% 79
\BOOKMARK [3][-]{subsubsection.3.10.2.24}{\376\377\0003\000.\0001\0000\000.\0002\000.\0002\0004\000\040\000s\000e\000r\000v\000o\000P\000i\000t\000c\000h\000C\000e\000n\000t\000e\000r}{subsection.3.10.2}% 80
\BOOKMARK [3][-]{subsubsection.3.10.2.25}{\376\377\0003\000.\0001\0000\000.\0002\000.\0002\0005\000\040\000s\000e\000r\000v\000o\000P\000i\000t\000c\000h\000P\000i\000n}{subsection.3.10.2}% 81
\BOOKMARK [3][-]{subsubsection.3.10.2.26}{\376\377\0003\000.\0001\0000\000.\0002\000.\0002\0006\000\040\000s\000e\000r\000v\000o\000Y\000a\000w\000C\000e\000n\000t\000e\000r}{subsection.3.10.2}% 82
\BOOKMARK [3][-]{subsubsection.3.10.2.27}{\376\377\0003\000.\0001\0000\000.\0002\000.\0002\0007\000\040\000s\000e\000r\000v\000o\000Y\000a\000w\000P\000i\000n}{subsection.3.10.2}% 83
\BOOKMARK [3][-]{subsubsection.3.10.2.28}{\376\377\0003\000.\0001\0000\000.\0002\000.\0002\0008\000\040\000S\000t\000a\000r\000t}{subsection.3.10.2}% 84
\BOOKMARK [3][-]{subsubsection.3.10.2.29}{\376\377\0003\000.\0001\0000\000.\0002\000.\0002\0009\000\040\000S\000t\000o\000p}{subsection.3.10.2}% 85
\BOOKMARK [2][-]{subsection.3.10.3}{\376\377\0003\000.\0001\0000\000.\0003\000\040\000F\000u\000n\000c\000t\000i\000o\000n\000\040\000D\000o\000c\000u\000m\000e\000n\000t\000a\000t\000i\000o\000n}{section.3.10}% 86
\BOOKMARK [3][-]{subsubsection.3.10.3.1}{\376\377\0003\000.\0001\0000\000.\0003\000.\0001\000\040\000l\000o\000o\000p\000\050\000\051}{subsection.3.10.3}% 87
\BOOKMARK [3][-]{subsubsection.3.10.3.2}{\376\377\0003\000.\0001\0000\000.\0003\000.\0002\000\040\000s\000e\000t\000u\000p\000\050\000\051}{subsection.3.10.3}% 88
\BOOKMARK [2][-]{subsection.3.10.4}{\376\377\0003\000.\0001\0000\000.\0004\000\040\000V\000a\000r\000i\000a\000b\000l\000e\000\040\000D\000o\000c\000u\000m\000e\000n\000t\000a\000t\000i\000o\000n}{section.3.10}% 89
\BOOKMARK [3][-]{subsubsection.3.10.4.1}{\376\377\0003\000.\0001\0000\000.\0004\000.\0001\000\040\000c\000o\000u\000n\000t\000L\000e\000f\000t}{subsection.3.10.4}% 90
\BOOKMARK [3][-]{subsubsection.3.10.4.2}{\376\377\0003\000.\0001\0000\000.\0004\000.\0002\000\040\000c\000o\000u\000n\000t\000R\000i\000g\000h\000t}{subsection.3.10.4}% 91
\BOOKMARK [3][-]{subsubsection.3.10.4.3}{\376\377\0003\000.\0001\0000\000.\0004\000.\0003\000\040\000c\000u\000r\000r\000e\000n\000t\000M\000o\000t\000i\000o\000n}{subsection.3.10.4}% 92
\BOOKMARK [3][-]{subsubsection.3.10.4.4}{\376\377\0003\000.\0001\0000\000.\0004\000.\0004\000\040\000i\000n\000p\000u\000t\000S\000t\000r\000i\000n\000g}{subsection.3.10.4}% 93
\BOOKMARK [3][-]{subsubsection.3.10.4.5}{\376\377\0003\000.\0001\0000\000.\0004\000.\0005\000\040\000l\000e\000f\000t\000P\000I\000D}{subsection.3.10.4}% 94
\BOOKMARK [3][-]{subsubsection.3.10.4.6}{\376\377\0003\000.\0001\0000\000.\0004\000.\0006\000\040\000p\000i\000t\000c\000h\000s\000e\000r\000v\000o}{subsection.3.10.4}% 95
\BOOKMARK [3][-]{subsubsection.3.10.4.7}{\376\377\0003\000.\0001\0000\000.\0004\000.\0007\000\040\000p\000w\000m\000L\000e\000f\000t}{subsection.3.10.4}% 96
\BOOKMARK [3][-]{subsubsection.3.10.4.8}{\376\377\0003\000.\0001\0000\000.\0004\000.\0008\000\040\000p\000w\000m\000R\000i\000g\000h\000t}{subsection.3.10.4}% 97
\BOOKMARK [3][-]{subsubsection.3.10.4.9}{\376\377\0003\000.\0001\0000\000.\0004\000.\0009\000\040\000r\000i\000g\000h\000t\000P\000I\000D}{subsection.3.10.4}% 98
\BOOKMARK [3][-]{subsubsection.3.10.4.10}{\376\377\0003\000.\0001\0000\000.\0004\000.\0001\0000\000\040\000s\000t\000e\000p\000s\000M\000o\000t\000i\000o\000n}{subsection.3.10.4}% 99
\BOOKMARK [3][-]{subsubsection.3.10.4.11}{\376\377\0003\000.\0001\0000\000.\0004\000.\0001\0001\000\040\000s\000t\000e\000p\000s\000O\000v\000e\000r\000a\000l\000l}{subsection.3.10.4}% 100
\BOOKMARK [3][-]{subsubsection.3.10.4.12}{\376\377\0003\000.\0001\0000\000.\0004\000.\0001\0002\000\040\000y\000a\000w\000s\000e\000r\000v\000o}{subsection.3.10.4}% 101
\BOOKMARK [0][-]{section*.12}{\376\377\000I\000n\000d\000e\000x}{}% 102
